빌드 시작: 2015-10-30 오전 12:15:31
     1>4 노드의 "C:\Users\H.J.Lee\documents\visual studio 2015\Projects\Algorithm\MCSS\MCSS.vcxproj" 프로젝트(Build 대상)입니다.
     1>ClCompile:
         C:\Program Files (x86)\Microsoft Visual Studio 14.0\VC\bin\CL.exe /c /ZI /nologo /W3 /WX- /Od /Oy- /D WIN32 /D _DEBUG /D _CONSOLE /D _UNICODE /D UNICODE /Gm /EHsc /RTC1 /MDd /GS /fp:precise /Zc:wchar_t /Zc:forScope /Zc:inline /Fo"Debug\\" /Fd"Debug\vc140.pdb" /Gd /TC /analyze- /errorReport:prompt n3.c
         n3.c
     1>c:\users\h.j.lee\documents\visual studio 2015\projects\algorithm\mcss\n3.c(118): warning C4101: 'max' :참조되지 않은 지역 변수입니다.
     1>c:\users\h.j.lee\documents\visual studio 2015\projects\algorithm\mcss\n3.c(118): warning C4101: 'j' :참조되지 않은 지역 변수입니다.
     1>c:\users\h.j.lee\documents\visual studio 2015\projects\algorithm\mcss\n3.c(118): warning C4101: 'i' :참조되지 않은 지역 변수입니다.
     1>c:\users\h.j.lee\documents\visual studio 2015\projects\algorithm\mcss\n3.c(145): warning C4244: '=': 'time_t'에서 'long'(으)로 변환하면서 데이터가 손실될 수 있습니다.
     1>c:\users\h.j.lee\documents\visual studio 2015\projects\algorithm\mcss\n3.c(149): warning C4244: '=': 'time_t'에서 'long'(으)로 변환하면서 데이터가 손실될 수 있습니다.
     1>c:\users\h.j.lee\documents\visual studio 2015\projects\algorithm\mcss\n3.c(130): warning C4996: 'fopen': This function or variable may be unsafe. Consider using fopen_s instead. To disable deprecation, use _CRT_SECURE_NO_WARNINGS. See online help for details.
         c:\program files (x86)\windows kits\10\include\10.0.10150.0\ucrt\stdio.h(205): note: 'fopen' 선언을 참조하십시오.
     1>c:\users\h.j.lee\documents\visual studio 2015\projects\algorithm\mcss\n3.c(138): warning C4996: 'fscanf': This function or variable may be unsafe. Consider using fscanf_s instead. To disable deprecation, use _CRT_SECURE_NO_WARNINGS. See online help for details.
         c:\program files (x86)\windows kits\10\include\10.0.10150.0\ucrt\stdio.h(1193): note: 'fscanf' 선언을 참조하십시오.
     1>c:\users\h.j.lee\documents\visual studio 2015\projects\algorithm\mcss\n3.c(141): warning C4996: 'fscanf': This function or variable may be unsafe. Consider using fscanf_s instead. To disable deprecation, use _CRT_SECURE_NO_WARNINGS. See online help for details.
         c:\program files (x86)\windows kits\10\include\10.0.10150.0\ucrt\stdio.h(1193): note: 'fscanf' 선언을 참조하십시오.
       Link:
         C:\Program Files (x86)\Microsoft Visual Studio 14.0\VC\bin\link.exe /ERRORREPORT:PROMPT /OUT:"C:\Users\H.J.Lee\documents\visual studio 2015\Projects\Algorithm\Debug\MCSS.exe" /INCREMENTAL /NOLOGO kernel32.lib user32.lib gdi32.lib winspool.lib comdlg32.lib advapi32.lib shell32.lib ole32.lib oleaut32.lib uuid.lib odbc32.lib odbccp32.lib /MANIFEST /MANIFESTUAC:"level='asInvoker' uiAccess='false'" /manifest:embed /Debug /PDB:"C:\Users\H.J.Lee\documents\visual studio 2015\Projects\Algorithm\Debug\MCSS.pdb" /SUBSYSTEM:CONSOLE /TLBID:1 /DYNAMICBASE /NXCOMPAT /IMPLIB:"C:\Users\H.J.Lee\documents\visual studio 2015\Projects\Algorithm\Debug\MCSS.lib" /MACHINE:X86 Debug\n3.obj
         MCSS.vcxproj -> C:\Users\H.J.Lee\documents\visual studio 2015\Projects\Algorithm\Debug\MCSS.exe
     1>"C:\Users\H.J.Lee\documents\visual studio 2015\Projects\Algorithm\MCSS\MCSS.vcxproj" 프로젝트를 빌드했습니다(Build 대상).

빌드했습니다.

경과 시간: 00:00:01.32
