빌드 시작: 2015-10-30 오후 5:22:20
     1>2 노드의 "C:\Users\H.J.Lee\documents\visual studio 2015\Projects\Algorithm\MonotoneWalkway\MonotoneWalkway.vcxproj" 프로젝트(Build 대상)입니다.
     1>ClCompile:
         C:\Program Files (x86)\Microsoft Visual Studio 14.0\VC\bin\CL.exe /c /ZI /nologo /W3 /WX- /Od /Oy- /D WIN32 /D _DEBUG /D _CONSOLE /D _UNICODE /D UNICODE /Gm /EHsc /RTC1 /MDd /GS /fp:precise /Zc:wchar_t /Zc:forScope /Zc:inline /Fo"Debug\\" /Fd"Debug\vc140.pdb" /Gd /TC /analyze- /errorReport:prompt monotoneWalkway.c
         monotoneWalkway.c
     1>c:\users\h.j.lee\documents\visual studio 2015\projects\algorithm\monotonewalkway\monotonewalkway.c(97): warning C4013: 'malloc'이(가) 정의되지 않았습니다. extern은 int형을 반환하는 것으로 간주합니다.
     1>c:\users\h.j.lee\documents\visual studio 2015\projects\algorithm\monotonewalkway\monotonewalkway.c(108): warning C4013: 'qsort'이(가) 정의되지 않았습니다. extern은 int형을 반환하는 것으로 간주합니다.
     1>c:\users\h.j.lee\documents\visual studio 2015\projects\algorithm\monotonewalkway\monotonewalkway.c(171): warning C4013: 'free'이(가) 정의되지 않았습니다. extern은 int형을 반환하는 것으로 간주합니다.
     1>c:\users\h.j.lee\documents\visual studio 2015\projects\algorithm\monotonewalkway\monotonewalkway.c(84): warning C4996: 'fopen': This function or variable may be unsafe. Consider using fopen_s instead. To disable deprecation, use _CRT_SECURE_NO_WARNINGS. See online help for details.
         c:\program files (x86)\windows kits\10\include\10.0.10150.0\ucrt\stdio.h(205): note: 'fopen' 선언을 참조하십시오.
     1>c:\users\h.j.lee\documents\visual studio 2015\projects\algorithm\monotonewalkway\monotonewalkway.c(85): warning C4996: 'fscanf': This function or variable may be unsafe. Consider using fscanf_s instead. To disable deprecation, use _CRT_SECURE_NO_WARNINGS. See online help for details.
         c:\program files (x86)\windows kits\10\include\10.0.10150.0\ucrt\stdio.h(1193): note: 'fscanf' 선언을 참조하십시오.
     1>c:\users\h.j.lee\documents\visual studio 2015\projects\algorithm\monotonewalkway\monotonewalkway.c(92): warning C4996: 'fscanf': This function or variable may be unsafe. Consider using fscanf_s instead. To disable deprecation, use _CRT_SECURE_NO_WARNINGS. See online help for details.
         c:\program files (x86)\windows kits\10\include\10.0.10150.0\ucrt\stdio.h(1193): note: 'fscanf' 선언을 참조하십시오.
     1>c:\users\h.j.lee\documents\visual studio 2015\projects\algorithm\monotonewalkway\monotonewalkway.c(100): warning C4996: 'fscanf': This function or variable may be unsafe. Consider using fscanf_s instead. To disable deprecation, use _CRT_SECURE_NO_WARNINGS. See online help for details.
         c:\program files (x86)\windows kits\10\include\10.0.10150.0\ucrt\stdio.h(1193): note: 'fscanf' 선언을 참조하십시오.
     1>c:\users\h.j.lee\documents\visual studio 2015\projects\algorithm\monotonewalkway\monotonewalkway.c(163): warning C4996: 'fscanf': This function or variable may be unsafe. Consider using fscanf_s instead. To disable deprecation, use _CRT_SECURE_NO_WARNINGS. See online help for details.
         c:\program files (x86)\windows kits\10\include\10.0.10150.0\ucrt\stdio.h(1193): note: 'fscanf' 선언을 참조하십시오.
     1>c:\users\h.j.lee\documents\visual studio 2015\projects\algorithm\monotonewalkway\monotonewalkway.c(166): warning C4996: 'fscanf': This function or variable may be unsafe. Consider using fscanf_s instead. To disable deprecation, use _CRT_SECURE_NO_WARNINGS. See online help for details.
         c:\program files (x86)\windows kits\10\include\10.0.10150.0\ucrt\stdio.h(1193): note: 'fscanf' 선언을 참조하십시오.
     1>c:\users\h.j.lee\documents\visual studio 2015\projects\algorithm\monotonewalkway\monotonewalkway.c(81): warning C4101: 'a' :참조되지 않은 지역 변수입니다.
       Link:
         C:\Program Files (x86)\Microsoft Visual Studio 14.0\VC\bin\link.exe /ERRORREPORT:PROMPT /OUT:"C:\Users\H.J.Lee\documents\visual studio 2015\Projects\Algorithm\Debug\MonotoneWalkway.exe" /INCREMENTAL /NOLOGO kernel32.lib user32.lib gdi32.lib winspool.lib comdlg32.lib advapi32.lib shell32.lib ole32.lib oleaut32.lib uuid.lib odbc32.lib odbccp32.lib /MANIFEST /MANIFESTUAC:"level='asInvoker' uiAccess='false'" /manifest:embed /Debug /PDB:"C:\Users\H.J.Lee\documents\visual studio 2015\Projects\Algorithm\Debug\MonotoneWalkway.pdb" /SUBSYSTEM:CONSOLE /TLBID:1 /DYNAMICBASE /NXCOMPAT /IMPLIB:"C:\Users\H.J.Lee\documents\visual studio 2015\Projects\Algorithm\Debug\MonotoneWalkway.lib" /MACHINE:X86 Debug\monotoneWalkway.obj
         MonotoneWalkway.vcxproj -> C:\Users\H.J.Lee\documents\visual studio 2015\Projects\Algorithm\Debug\MonotoneWalkway.exe
     1>"C:\Users\H.J.Lee\documents\visual studio 2015\Projects\Algorithm\MonotoneWalkway\MonotoneWalkway.vcxproj" 프로젝트를 빌드했습니다(Build 대상).

빌드했습니다.

경과 시간: 00:00:00.69
